[2017-09-22 18:05:35] slim-app.INFO: Slim-Skeleton '/' route [] {"uid":"5ac2b6a"}
[2017-09-22 18:05:40] slim-app.INFO: Slim-Skeleton '/' route [] {"uid":"ccf4d8b"}
[2017-09-22 18:07:21] slim-app.INFO: Slim-Skeleton '/' route [] {"uid":"18cb276"}
[2017-09-22 18:07:40] slim-app.INFO: Slim-Skeleton '/' route [] {"uid":"08f76e0"}
[2017-09-22 18:15:04] slim-app.INFO: Slim-Skeleton '/' route [] {"uid":"f6fd19f"}
[2017-09-22 18:16:49] slim-app.INFO: Slim-Skeleton '/' route [] {"uid":"043b5d6"}
[2017-09-22 18:19:34] slim-app.INFO: Slim-Skeleton '/' route [] {"uid":"c6b9fe5"}
[2017-09-22 18:19:50] slim-app.INFO: Slim-Skeleton '/' route [] {"uid":"0304bd2"}
[2017-09-22 18:22:10] slim-app.INFO: Slim-Skeleton '/' route [] {"uid":"c6c01ee"}
[2017-09-22 18:22:13] slim-app.INFO: Slim-Skeleton '/' route [] {"uid":"45dc90b"}
[2017-09-22 18:22:23] slim-app.INFO: Slim-Skeleton '/' route [] {"uid":"d38f010"}
[2017-09-22 18:25:33] slim-app.INFO: Slim-Skeleton '/' route [] {"uid":"adfd58d"}
[2017-09-22 18:25:57] slim-app.INFO: Slim-Skeleton '/' route [] {"uid":"8244343"}
[2017-09-22 18:26:09] slim-app.INFO: Slim-Skeleton '/' route [] {"uid":"9bd711e"}
[2017-09-22 18:26:13] slim-app.INFO: Slim-Skeleton '/' route [] {"uid":"5c67ea4"}
[2017-09-22 18:27:25] slim-app.INFO: Slim-Skeleton '/' route [] {"uid":"dec3e6d"}
[2017-09-22 18:27:26] slim-app.INFO: Slim-Skeleton '/' route [] {"uid":"31a9ea1"}
[2017-09-22 18:27:28] slim-app.INFO: Slim-Skeleton '/' route [] {"uid":"eae57e7"}
[2017-09-22 18:27:32] slim-app.INFO: Slim-Skeleton '/' route [] {"uid":"0de996f"}
[2017-09-22 18:44:13] slim-app.INFO: Slim-Skeleton '/' route [] {"uid":"9dacace"}
[2017-09-22 18:44:17] slim-app.INFO: Slim-Skeleton '/' route [] {"uid":"3088a17"}
[2017-09-22 18:44:50] slim-app.INFO: Slim-Skeleton '/' route [] {"uid":"71c0b81"}
[2017-09-22 18:44:53] slim-app.INFO: Slim-Skeleton '/' route [] {"uid":"fa7b40b"}
[2017-09-22 18:45:16] slim-app.INFO: Slim-Skeleton '/' route [] {"uid":"e250741"}
[2017-09-22 18:45:17] slim-app.INFO: Slim-Skeleton '/' route [] {"uid":"0d02b7d"}
[2017-09-22 18:45:29] slim-app.INFO: Slim-Skeleton '/' route [] {"uid":"19eb024"}
[2017-09-22 18:47:14] slim-app.INFO: Slim-Skeleton '/' route [] {"uid":"c363ba7"}
[2017-09-22 18:47:15] slim-app.INFO: Slim-Skeleton '/' route [] {"uid":"16186f8"}
[2017-09-22 18:47:16] slim-app.INFO: Slim-Skeleton '/' route [] {"uid":"a01baa5"}
[2017-09-22 18:47:16] slim-app.INFO: Slim-Skeleton '/' route [] {"uid":"81a2976"}
[2017-09-22 18:47:26] slim-app.INFO: Slim-Skeleton '/' route [] {"uid":"8118320"}
[2017-09-22 18:47:39] slim-app.INFO: Slim-Skeleton '/' route [] {"uid":"99998bf"}
[2017-09-22 18:51:20] slim-app.WARNING: Slim-Skeleton '/' route [] {"uid":"00de44c"}
[2017-09-22 19:05:07] slim-app.WARNING: Slim-Skeleton '/' route [] {"uid":"389d982"}
[2017-09-22 19:05:08] slim-app.WARNING: Slim-Skeleton '/' route [] {"uid":"4c03444"}
[2017-09-22 19:05:11] slim-app.WARNING: Slim-Skeleton '/' route [] {"uid":"8dbdd9f"}
[2017-09-22 19:07:11] slim-app.WARNING: Slim-Skeleton '/' route [] {"uid":"3d7281c"}
[2017-09-22 19:07:12] slim-app.WARNING: Slim-Skeleton '/' route [] {"uid":"b35686b"}
[2017-09-22 19:07:13] slim-app.WARNING: Slim-Skeleton '/' route [] {"uid":"42e4229"}
[2017-09-22 19:07:53] slim-app.WARNING: Slim-Skeleton '/' route [] {"uid":"d5c11d9"}
[2017-09-22 19:08:02] slim-app.WARNING: Slim-Skeleton '/' route [] {"uid":"d3cf242"}
[2017-09-22 19:08:49] slim-app.WARNING: Slim-Skeleton '/' route [] {"uid":"d491dd7"}
[2017-09-22 19:09:32] slim-app.WARNING: Slim-Skeleton '/' route [] {"uid":"96c316b"}
[2017-09-22 19:10:16] slim-app.WARNING: Slim-Skeleton '/' route [] {"uid":"c3b71de"}
[2017-09-22 19:14:22] slim-app.WARNING: Slim-Skeleton '/' route [] {"uid":"e77eae6"}
[2017-09-22 19:15:22] slim-app.WARNING: Slim-Skeleton '/' route [] {"uid":"72a04b7"}
[2017-09-22 19:17:31] slim-app.WARNING: Slim-Skeleton '/' route [] {"uid":"accd5c6"}
[2017-09-22 19:19:29] slim-app.WARNING: Slim-Skeleton '/' route [] {"uid":"9eb3e95"}
[2017-09-22 19:22:14] slim-app.WARNING: Slim-Skeleton '/' route [] {"uid":"794a2d0"}
[2017-09-22 19:22:15] slim-app.WARNING: Slim-Skeleton '/' route [] {"uid":"3808f05"}
[2017-09-22 19:22:23] slim-app.WARNING: Slim-Skeleton '/' route [] {"uid":"c933225"}
[2017-09-22 19:22:38] slim-app.WARNING: Slim-Skeleton '/' route [] {"uid":"e876a4b"}
[2017-09-22 19:24:02] slim-app.WARNING: Slim-Skeleton '/' route [] {"uid":"c2c1081"}
[2017-09-22 19:24:10] slim-app.WARNING: Slim-Skeleton '/' route [] {"uid":"a62ae77"}
[2017-09-22 19:26:06] slim-app.WARNING: Slim-Skeleton '/' route [] {"uid":"804c7f2"}
[2017-09-22 19:26:12] slim-app.WARNING: Slim-Skeleton '/' route [] {"uid":"16d23f9"}
[2017-09-22 19:26:19] slim-app.WARNING: Slim-Skeleton '/' route [] {"uid":"8f44033"}
[2017-09-22 19:31:27] slim-app.WARNING: Slim-Skeleton '/' route [] {"uid":"e2fceff"}
[2017-09-22 19:33:12] slim-app.WARNING: Slim-Skeleton '/' route [] {"uid":"35c65ce"}
[2017-09-22 19:33:13] slim-app.WARNING: Slim-Skeleton '/' route [] {"uid":"e577c87"}
[2017-09-22 19:33:35] slim-app.WARNING: Slim-Skeleton '/' route [] {"uid":"2c85edc"}
[2017-09-22 19:36:17] slim-app.WARNING: Slim-Skeleton '/' route [] {"uid":"2ecf87e"}
[2017-09-22 19:37:55] slim-app.WARNING: Slim-Skeleton '/' route [] {"uid":"1969331"}
[2017-09-22 19:38:10] slim-app.WARNING: Slim-Skeleton '/' route [] {"uid":"54e53e5"}
[2017-09-22 19:54:55] slim-app.WARNING: Slim-Skeleton '/' route [] {"uid":"6006795"}
[2017-09-22 19:54:56] slim-app.WARNING: Slim-Skeleton '/' route [] {"uid":"6ead736"}
[2017-09-22 19:54:59] slim-app.WARNING: Slim-Skeleton '/' route [] {"uid":"33e4962"}
[2017-09-22 19:56:09] slim-app.WARNING: Slim-Skeleton '/' route [] {"uid":"fcc3594"}
[2017-09-22 19:59:54] slim-app.WARNING: Slim-Skeleton '/' route [] {"uid":"3796ade"}
[2017-09-22 20:00:05] slim-app.WARNING: Slim-Skeleton '/' route [] {"uid":"174e18f"}
[2017-09-22 20:02:16] slim-app.WARNING: Slim-Skeleton '/' route [] {"uid":"b3a89be"}
[2017-09-22 20:24:57] slim-app.WARNING: Slim-Skeleton '/' route [] {"uid":"9e45ae7"}
[2017-09-22 20:25:41] slim-app.WARNING: Slim-Skeleton '/' route [] {"uid":"8d86258"}
[2017-09-22 20:25:51] slim-app.WARNING: Slim-Skeleton '/' route [] {"uid":"092b569"}
[2017-09-22 20:28:49] slim-app.WARNING: Slim-Skeleton '/' route [] {"uid":"3913607"}
[2017-09-22 20:28:54] slim-app.WARNING: Slim-Skeleton '/' route [] {"uid":"714232e"}
[2017-09-22 20:47:10] slim-app.WARNING: Slim-Skeleton '/' route [] {"uid":"9579e00"}
[2017-09-22 20:47:46] slim-app.WARNING: Slim-Skeleton '/' route [] {"uid":"cdb9c17"}
[2017-09-22 21:44:05] slim-app.WARNING: Slim-Skeleton '/' route [] {"uid":"1b3a270"}
[2017-09-22 21:45:39] slim-app.WARNING: Slim-Skeleton '/' route [] {"uid":"82bc8a1"}
[2017-09-22 21:46:42] slim-app.WARNING: Slim-Skeleton '/' route [] {"uid":"43ac6fa"}
[2017-09-22 21:46:43] slim-app.WARNING: Slim-Skeleton '/' route [] {"uid":"7f749af"}
[2017-09-22 21:46:44] slim-app.WARNING: Slim-Skeleton '/' route [] {"uid":"fe48d27"}
[2017-09-22 21:46:53] slim-app.WARNING: Slim-Skeleton '/' route [] {"uid":"d2483e0"}
[2017-09-22 21:47:03] slim-app.WARNING: Slim-Skeleton '/' route [] {"uid":"2fd680b"}
[2017-09-22 21:47:08] slim-app.WARNING: Slim-Skeleton '/' route [] {"uid":"dc8f6e6"}
[2017-09-22 21:51:48] slim-app.WARNING: Slim-Skeleton '/' route [] {"uid":"e15f015"}
[2017-09-22 21:53:18] slim-app.WARNING: Slim-Skeleton '/' route [] {"uid":"a502b62"}
[2017-09-22 21:53:50] slim-app.WARNING: Slim-Skeleton '/' route [] {"uid":"9ee4255"}
[2017-09-22 21:53:58] slim-app.WARNING: Slim-Skeleton '/' route [] {"uid":"b8810a7"}
[2017-09-22 21:54:09] slim-app.WARNING: Slim-Skeleton '/' route [] {"uid":"ad9c6b6"}
[2017-09-22 22:00:29] slim-app.WARNING: Slim-Skeleton '/' route [] {"uid":"b2334fd"}
[2017-09-22 22:00:34] slim-app.WARNING: Slim-Skeleton '/' route [] {"uid":"0d586f4"}
[2017-09-22 22:00:39] slim-app.WARNING: Slim-Skeleton '/' route [] {"uid":"cad76a7"}
[2017-09-22 22:02:05] slim-app.WARNING: Slim-Skeleton '/' route [] {"uid":"3509c65"}
[2017-09-22 22:02:07] slim-app.WARNING: Slim-Skeleton '/' route [] {"uid":"542d49b"}
[2017-09-22 22:02:47] slim-app.WARNING: Slim-Skeleton '/' route [] {"uid":"7cdd45e"}
[2017-09-22 22:02:55] slim-app.WARNING: Slim-Skeleton '/' route [] {"uid":"bf62a67"}
[2017-09-22 22:02:59] slim-app.WARNING: Slim-Skeleton '/' route [] {"uid":"d998b33"}
[2017-09-22 22:03:47] slim-app.WARNING: Slim-Skeleton '/' route [] {"uid":"016426a"}
[2017-09-22 22:04:45] slim-app.WARNING: Slim-Skeleton '/' route [] {"uid":"60b576c"}
[2017-09-22 22:05:02] slim-app.WARNING: Slim-Skeleton '/' route [] {"uid":"b893b30"}
[2017-09-22 22:07:03] slim-app.WARNING: Slim-Skeleton '/' route [] {"uid":"fa16424"}
[2017-09-22 22:07:37] slim-app.WARNING: Slim-Skeleton '/' route [] {"uid":"800ddd9"}
[2017-09-22 22:08:43] slim-app.WARNING: Slim-Skeleton '/' route [] {"uid":"0b96f2b"}
[2017-09-22 22:08:44] slim-app.WARNING: Slim-Skeleton '/' route [] {"uid":"dfc773e"}
[2017-09-22 22:08:49] slim-app.WARNING: Slim-Skeleton '/' route [] {"uid":"73d2473"}
[2017-09-22 22:09:05] slim-app.WARNING: Slim-Skeleton '/' route [] {"uid":"507f88f"}
[2017-09-22 22:09:18] slim-app.WARNING: Slim-Skeleton '/' route [] {"uid":"b1992ef"}
[2017-09-22 22:09:23] slim-app.WARNING: Slim-Skeleton '/' route [] {"uid":"52e441f"}
[2017-09-22 22:09:28] slim-app.WARNING: Slim-Skeleton '/' route [] {"uid":"48bbe26"}
[2017-09-22 22:09:41] slim-app.WARNING: Slim-Skeleton '/' route [] {"uid":"627c5d0"}
[2017-09-22 22:10:26] slim-app.WARNING: Slim-Skeleton '/' route [] {"uid":"588a209"}
[2017-09-22 22:10:30] slim-app.WARNING: Slim-Skeleton '/' route [] {"uid":"16e8637"}
[2017-09-22 22:12:29] slim-app.WARNING: Slim-Skeleton '/' route [] {"uid":"e586bd0"}
[2017-09-22 22:12:33] slim-app.WARNING: Slim-Skeleton '/' route [] {"uid":"9f4a27d"}
[2017-09-22 22:12:38] slim-app.WARNING: Slim-Skeleton '/' route [] {"uid":"638dddd"}
[2017-09-22 22:13:03] slim-app.WARNING: Slim-Skeleton '/' route [] {"uid":"b65940a"}
[2017-09-22 22:13:06] slim-app.WARNING: Slim-Skeleton '/' route [] {"uid":"beae742"}
[2017-09-22 22:13:18] slim-app.WARNING: Slim-Skeleton '/' route [] {"uid":"9798644"}
[2017-09-22 22:24:46] slim-app.WARNING: Slim-Skeleton '/' route [] {"uid":"b315c25"}
[2017-09-22 22:25:11] slim-app.WARNING: Slim-Skeleton '/' route [] {"uid":"26f5a9f"}
[2017-09-22 22:29:07] slim-app.WARNING: Slim-Skeleton '/' route [] {"uid":"a066c06"}
[2017-09-22 22:29:40] slim-app.WARNING: Slim-Skeleton '/' route [] {"uid":"47d7ea2"}
[2017-09-22 22:31:21] slim-app.WARNING: Slim-Skeleton '/' route [] {"uid":"e5784a3"}
[2017-09-22 22:35:41] slim-app.WARNING: Slim-Skeleton '/' route [] {"uid":"0a4bb4b"}
[2017-09-22 22:35:54] slim-app.WARNING: Slim-Skeleton '/' route [] {"uid":"3766401"}
[2017-09-22 22:36:25] slim-app.WARNING: Slim-Skeleton '/' route [] {"uid":"0379944"}
[2017-09-22 22:49:57] slim-app.WARNING: Slim-Skeleton '/' route [] {"uid":"4ab3b28"}
[2017-09-22 22:53:10] slim-app.WARNING: Slim-Skeleton '/' route [] {"uid":"6571339"}
[2017-09-22 22:53:17] slim-app.WARNING: Slim-Skeleton '/' route [] {"uid":"7f6389b"}
[2017-09-22 22:53:22] slim-app.WARNING: Slim-Skeleton '/' route [] {"uid":"57df671"}
[2017-09-22 22:53:36] slim-app.WARNING: Slim-Skeleton '/' route [] {"uid":"14db061"}
[2017-10-14 15:39:44] slim-app.INFO: Slim-Skeleton '/' route [] {"uid":"5658253"}
[2017-10-14 15:42:53] slim-app.INFO: Slim-Skeleton '/' route [] {"uid":"3418fc5"}
[2017-10-14 15:43:00] slim-app.INFO: Slim-Skeleton '/' route [] {"uid":"a1d8678"}
[2017-10-14 15:43:07] slim-app.INFO: Slim-Skeleton '/' route [] {"uid":"03b5f09"}
[2017-10-14 15:43:17] slim-app.INFO: Slim-Skeleton '/' route [] {"uid":"0a290e5"}
[2017-10-14 15:44:40] slim-app.INFO: Slim-Skeleton '/' route [] {"uid":"5f2181f"}
[2017-10-24 20:27:08] slim-app.INFO: nofitication-OK [] {"uid":"bae657b"}
[2017-10-24 20:29:22] slim-app.INFO: nofitication-OK ["{\"id\":\"dd473d87-e046-4758-a8b6-5ffa77384783\",\"recipients\":1}"] {"uid":"3eadfee"}
[2017-10-24 20:59:56] slim-app.INFO: nofitication-OK ["{\"errors\":[\"Option ios_badgeType must be blank, None, SetTo, or Increase\"]}"] {"uid":"fa85497"}
[2017-10-24 21:00:14] slim-app.INFO: nofitication-OK ["{\"id\":\"151f99aa-328f-48a7-a92e-43055ceb6fe8\",\"recipients\":1}"] {"uid":"2f3c165"}
[2017-10-24 22:19:03] slim-app.INFO: nofitication-OK ["{\"id\":\"\",\"recipients\":0,\"errors\":[\"All included players are not subscribed\"]}"] {"uid":"27021bd"}
[2017-10-24 22:19:04] slim-app.INFO: nofitication-OK ["{\"id\":\"bed60709-3198-4616-8537-0063171ec36c\",\"recipients\":1}"] {"uid":"27021bd"}
[2017-10-24 22:21:30] slim-app.INFO: nofitication-OK ["{\"id\":\"\",\"recipients\":0,\"errors\":[\"All included players are not subscribed\"]}"] {"uid":"dbfe370"}
[2017-10-24 22:21:30] slim-app.INFO: nofitication-OK ["{\"id\":\"2a1994e9-36e5-4fb3-8614-8f24ac761711\",\"recipients\":1}"] {"uid":"dbfe370"}
[2017-10-24 22:22:06] slim-app.INFO: nofitication-OK ["{\"id\":\"\",\"recipients\":0,\"errors\":[\"All included players are not subscribed\"]}"] {"uid":"3624b20"}
[2017-10-24 22:22:06] slim-app.INFO: nofitication-OK ["{\"id\":\"de653b34-59a0-46e0-9d2d-509c91b5aee4\",\"recipients\":1}"] {"uid":"3624b20"}
[2017-10-24 22:23:07] slim-app.INFO: nofitication-OK [1] {"uid":"bb13ccf"}
[2017-10-24 22:23:07] slim-app.INFO: nofitication-OK [1] {"uid":"bb13ccf"}
[2017-10-24 22:24:00] slim-app.INFO: nofitication-OK ["{\"id\":\"\",\"recipients\":0,\"errors\":[\"All included players are not subscribed\"]}"] {"uid":"25e35f0"}
[2017-10-24 22:24:00] slim-app.INFO: nofitication-OK ["{\"id\":\"8a3fd083-2f5e-408a-b60f-ab945d42b809\",\"recipients\":1}"] {"uid":"25e35f0"}
[2017-10-24 22:24:47] slim-app.INFO: nofitication-OK ["{\"id\":\"\",\"recipients\":0,\"errors\":[\"All included players are not subscribed\"]}"] {"uid":"96030c7"}
[2017-10-24 22:24:47] slim-app.INFO: nofitication-OK ["{\"id\":\"61055ea6-1bcc-4e3e-99ea-959bbed01be9\",\"recipients\":1}"] {"uid":"96030c7"}
[2017-10-24 22:29:45] slim-app.INFO: nofitication-OK ["{\"id\":\"\",\"recipients\":0,\"errors\":[\"All included players are not subscribed\"]}","{\"id\":\"52f334eb-56ee-4210-a941-29b648736e4c\",\"recipients\":1}"] {"uid":"a16ea6d"}
[2017-10-24 22:30:40] slim-app.INFO: nofitication-OK ["{\"id\":\"\",\"recipients\":0,\"errors\":[\"All included players are not subscribed\"]}","{\"id\":\"93b568d5-2130-49f6-b98f-14618bdffebe\",\"recipients\":1}"] {"uid":"7b03ccd"}
[2017-10-28 20:36:00] slim-app.INFO: nofitication-OK ["{\"id\":\"d3777a46-f1ec-4d10-ad24-ebc4a44d5839\",\"recipients\":2}"] {"uid":"b652eeb"}
[2017-10-28 20:37:38] slim-app.INFO: nofitication-OK [] {"uid":"ae9314d"}
[2017-10-28 20:38:10] slim-app.INFO: nofitication-OK [] {"uid":"1375913"}
[2017-10-28 20:38:25] slim-app.INFO: nofitication-OK ["{\"id\":\"3ca2a7ae-ac7e-4395-b92d-03807cdf0de6\",\"recipients\":2}"] {"uid":"b5015d3"}
